<?xml version="1.0" encoding="UTF-8"?>
<!-- Generated by org.testng.reporters.JUnitXMLReporter -->
<testsuite ignored="0" hostname="DESKTOP-PQKJLBJ" failures="1" tests="2" name="Testing2" time="32.843" errors="0" timestamp="2022-09-10T20:39:24 IST">
  <testcase classname="TestVagrantTechnologies.TestVagrant1.WebTestPageofIBDM" name="compareOfCountryName" time="0.034"/>
  <testcase classname="TestVagrantTechnologies.TestVagrant1.WebTestPageofIBDM" name="compareOfReleaseDate" time="0.097">
    <failure type="java.lang.AssertionError" message="expected [17 December 2021] but found [January 7, 2022 (United States)]">
      <![CDATA[java.lang.AssertionError: expected [17 December 2021] but found [January 7, 2022 (United States)]
at TestVagrantTechnologies.TestVagrant1.WebTestPageofIBDM.compareOfReleaseDate(WebTestPageofIBDM.java:56)
at java.base/java.util.ArrayList.forEach(ArrayList.java:1511)
... Removed 37 stack frames]]>
    </failure>
  </testcase> <!-- compareOfReleaseDate -->
</testsuite> <!-- Testing2 -->
