-------------------------------------------------------------------------------
Test set: TestSuite
-------------------------------------------------------------------------------
Tests run: 2, Failures: 1, Errors: 0, Skipped: 0, Time elapsed: 63.369 s <<< FAILURE! - in TestSuite
compareOfReleaseDate(TestVagrantTechnologies.TestVagrant1.WebTestPageofIBDM)  Time elapsed: 0.038 s  <<< FAILURE!
java.lang.AssertionError: expected [17 December 2021] but found [January 7, 2022 (United States)]
	at TestVagrantTechnologies.TestVagrant1.WebTestPageofIBDM.compareOfReleaseDate(WebTestPageofIBDM.java:56)

